生成启动时间为 2016/3/2 10:17:53。
     1>项目“D:\visual studio 2012\Projects\ConsoleApplication1\connMysql\connMysql.vcxproj”在节点 2 上(Build 个目标)。
     1>ClCompile:
         D:\Microsoft Visual Studio 11.0\VC\bin\CL.exe /c /I"C:\Program Files\MySQL\MySQL Server 5.7\include" /ID:\boost_1_60_0\boost_1_60_0\ /ZI /nologo /W3 /WX- /Od /Oy- /D WIN32 /D _DEBUG /D _CONSOLE /D _UNICODE /D UNICODE /Gm /EHsc /RTC1 /MDd /GS /fp:precise /Zc:wchar_t /Zc:forScope /Fo"Debug\\" /Fd"Debug\vc110.pdb" /Gd /TP /analyze- /errorReport:prompt "源.cpp"
         源.cpp
       Link:
         D:\Microsoft Visual Studio 11.0\VC\bin\link.exe /ERRORREPORT:PROMPT /OUT:"D:\visual studio 2012\Projects\ConsoleApplication1\Debug\connMysql.exe" /INCREMENTAL /NOLOGO /LIBPATH:"C:\Program Files\MySQL\MySQL Server 5.7\lib" /LIBPATH:D:\boost_1_60_0\boost_1_60_0\stage\lib libmysql.lib kernel32.lib user32.lib gdi32.lib winspool.lib comdlg32.lib advapi32.lib shell32.lib ole32.lib oleaut32.lib uuid.lib odbc32.lib odbccp32.lib /MANIFEST /MANIFESTUAC:"level='asInvoker' uiAccess='false'" /manifest:embed /DEBUG /PDB:"D:\visual studio 2012\Projects\ConsoleApplication1\Debug\connMysql.pdb" /SUBSYSTEM:CONSOLE /TLBID:1 /DYNAMICBASE /NXCOMPAT /IMPLIB:"D:\visual studio 2012\Projects\ConsoleApplication1\Debug\connMysql.lib" /MACHINE:X86 Debug\Csqlpool.obj
         Debug\member_pool.obj
         "Debug\源.obj"
     1>Csqlpool.obj : error LNK2019: 无法解析的外部符号 _mysql_error@4，该符号在函数 "public: bool __thiscall Csqlpool::IniSqlPool(char const *,char const *,char const *,unsigned int,unsigned int)" (?IniSqlPool@Csqlpool@@QAE_NPBD00II@Z) 中被引用
     1>Csqlpool.obj : error LNK2019: 无法解析的外部符号 _mysql_init@4，该符号在函数 "public: bool __thiscall Csqlpool::IniSqlPool(char const *,char const *,char const *,unsigned int,unsigned int)" (?IniSqlPool@Csqlpool@@QAE_NPBD00II@Z) 中被引用
     1>Csqlpool.obj : error LNK2019: 无法解析的外部符号 _mysql_real_connect@32，该符号在函数 "public: bool __thiscall Csqlpool::IniSqlPool(char const *,char const *,char const *,unsigned int,unsigned int)" (?IniSqlPool@Csqlpool@@QAE_NPBD00II@Z) 中被引用
     1>Csqlpool.obj : error LNK2019: 无法解析的外部符号 _mysql_select_db@8，该符号在函数 "public: bool __thiscall Csqlpool::SelectDB(struct st_mysql *,char const *)" (?SelectDB@Csqlpool@@QAE_NPAUst_mysql@@PBD@Z) 中被引用
     1>Csqlpool.obj : error LNK2019: 无法解析的外部符号 _mysql_query@8，该符号在函数 "public: struct st_mysql_res * __thiscall Csqlpool::GetQuery(struct st_mysql *,char const *)" (?GetQuery@Csqlpool@@QAEPAUst_mysql_res@@PAUst_mysql@@PBD@Z) 中被引用
     1>Csqlpool.obj : error LNK2019: 无法解析的外部符号 _mysql_store_result@4，该符号在函数 "public: struct st_mysql_res * __thiscall Csqlpool::GetQuery(struct st_mysql *,char const *)" (?GetQuery@Csqlpool@@QAEPAUst_mysql_res@@PAUst_mysql@@PBD@Z) 中被引用
     1>Csqlpool.obj : error LNK2019: 无法解析的外部符号 _mysql_free_result@4，该符号在函数 "public: void __thiscall Csqlpool::RelQuery(struct st_mysql_res *)" (?RelQuery@Csqlpool@@QAEXPAUst_mysql_res@@@Z) 中被引用
     1>Csqlpool.obj : error LNK2019: 无法解析的外部符号 _mysql_close@4，该符号在函数 "public: __thiscall Csqlpool::~Csqlpool(void)" (??1Csqlpool@@QAE@XZ) 中被引用
     1>D:\visual studio 2012\Projects\ConsoleApplication1\Debug\connMysql.exe : fatal error LNK1120: 8 个无法解析的外部命令
     1>已完成生成项目“D:\visual studio 2012\Projects\ConsoleApplication1\connMysql\connMysql.vcxproj”(Build 个目标)的操作 - 失败。

生成失败。

已用时间 00:00:01.06
