D:\VISUAL STUDIO 2012\PROJECTS\CONSOLEAPPLICATION1\CLIENT\DEBUG\CPUUSERATE.OBJ
D:\VISUAL STUDIO 2012\PROJECTS\CONSOLEAPPLICATION1\CLIENT\DEBUG\MEMORY_HDD.OBJ
D:\VISUAL STUDIO 2012\PROJECTS\CONSOLEAPPLICATION1\CLIENT\DEBUG\READ_WINDOWS_NET_LOG.OBJ
D:\VISUAL STUDIO 2012\PROJECTS\CONSOLEAPPLICATION1\CLIENT\DEBUG\READ_WINDOWS_SYS_LOG.OBJ
D:\VISUAL STUDIO 2012\PROJECTS\CONSOLEAPPLICATION1\CLIENT\DEBUG\源.OBJ
D:\VISUAL STUDIO 2012\PROJECTS\CONSOLEAPPLICATION1\CLIENT\DEBUG\VC110.PDB
D:\VISUAL STUDIO 2012\PROJECTS\CONSOLEAPPLICATION1\CLIENT\DEBUG\TOOL_UTIL.OBJ
D:\VISUAL STUDIO 2012\PROJECTS\CONSOLEAPPLICATION1\DEBUG\CLIENT.ILK
D:\VISUAL STUDIO 2012\PROJECTS\CONSOLEAPPLICATION1\DEBUG\CLIENT.EXE
D:\VISUAL STUDIO 2012\PROJECTS\CONSOLEAPPLICATION1\DEBUG\CLIENT.PDB
D:\visual studio 2012\Projects\ConsoleApplication1\client\Debug\CPUUseRate.obj
D:\visual studio 2012\Projects\ConsoleApplication1\client\Debug\memory_hdd.obj
D:\visual studio 2012\Projects\ConsoleApplication1\client\Debug\read_windows_net_log.obj
D:\visual studio 2012\Projects\ConsoleApplication1\client\Debug\read_windows_sys_log.obj
D:\visual studio 2012\Projects\ConsoleApplication1\client\Debug\tool_util.obj
D:\visual studio 2012\Projects\ConsoleApplication1\client\Debug\源.obj
D:\visual studio 2012\Projects\ConsoleApplication1\client\Debug\cl.command.1.tlog
D:\visual studio 2012\Projects\ConsoleApplication1\client\Debug\CL.read.1.tlog
D:\visual studio 2012\Projects\ConsoleApplication1\client\Debug\CL.write.1.tlog
D:\visual studio 2012\Projects\ConsoleApplication1\client\Debug\link-cvtres.read.1.tlog
D:\visual studio 2012\Projects\ConsoleApplication1\client\Debug\link-cvtres.write.1.tlog
D:\visual studio 2012\Projects\ConsoleApplication1\client\Debug\link-rc.read.1.tlog
D:\visual studio 2012\Projects\ConsoleApplication1\client\Debug\link-rc.write.1.tlog
D:\visual studio 2012\Projects\ConsoleApplication1\client\Debug\link.17900-cvtres.read.1.tlog
D:\visual studio 2012\Projects\ConsoleApplication1\client\Debug\link.17900-cvtres.write.1.tlog
D:\visual studio 2012\Projects\ConsoleApplication1\client\Debug\link.17900-rc.read.1.tlog
D:\visual studio 2012\Projects\ConsoleApplication1\client\Debug\link.17900-rc.write.1.tlog
D:\visual studio 2012\Projects\ConsoleApplication1\client\Debug\link.17900.read.1.tlog
D:\visual studio 2012\Projects\ConsoleApplication1\client\Debug\link.17900.write.1.tlog
D:\visual studio 2012\Projects\ConsoleApplication1\client\Debug\link.21160-cvtres.read.1.tlog
D:\visual studio 2012\Projects\ConsoleApplication1\client\Debug\link.21160-cvtres.write.1.tlog
D:\visual studio 2012\Projects\ConsoleApplication1\client\Debug\link.21160-rc.read.1.tlog
D:\visual studio 2012\Projects\ConsoleApplication1\client\Debug\link.21160-rc.write.1.tlog
D:\visual studio 2012\Projects\ConsoleApplication1\client\Debug\link.21160.read.1.tlog
D:\visual studio 2012\Projects\ConsoleApplication1\client\Debug\link.21160.write.1.tlog
D:\visual studio 2012\Projects\ConsoleApplication1\client\Debug\link.21716-cvtres.read.1.tlog
D:\visual studio 2012\Projects\ConsoleApplication1\client\Debug\link.21716-cvtres.write.1.tlog
D:\visual studio 2012\Projects\ConsoleApplication1\client\Debug\link.21716-rc.read.1.tlog
D:\visual studio 2012\Projects\ConsoleApplication1\client\Debug\link.21716-rc.write.1.tlog
D:\visual studio 2012\Projects\ConsoleApplication1\client\Debug\link.21716.read.1.tlog
D:\visual studio 2012\Projects\ConsoleApplication1\client\Debug\link.21716.write.1.tlog
D:\visual studio 2012\Projects\ConsoleApplication1\client\Debug\link.5564-cvtres.read.1.tlog
D:\visual studio 2012\Projects\ConsoleApplication1\client\Debug\link.5564-cvtres.write.1.tlog
D:\visual studio 2012\Projects\ConsoleApplication1\client\Debug\link.5564-rc.read.1.tlog
D:\visual studio 2012\Projects\ConsoleApplication1\client\Debug\link.5564-rc.write.1.tlog
D:\visual studio 2012\Projects\ConsoleApplication1\client\Debug\link.5564.read.1.tlog
D:\visual studio 2012\Projects\ConsoleApplication1\client\Debug\link.5564.write.1.tlog
D:\visual studio 2012\Projects\ConsoleApplication1\client\Debug\link.7328-cvtres.read.1.tlog
D:\visual studio 2012\Projects\ConsoleApplication1\client\Debug\link.7328-cvtres.write.1.tlog
D:\visual studio 2012\Projects\ConsoleApplication1\client\Debug\link.7328-rc.read.1.tlog
D:\visual studio 2012\Projects\ConsoleApplication1\client\Debug\link.7328-rc.write.1.tlog
D:\visual studio 2012\Projects\ConsoleApplication1\client\Debug\link.7328.read.1.tlog
D:\visual studio 2012\Projects\ConsoleApplication1\client\Debug\link.7328.write.1.tlog
D:\visual studio 2012\Projects\ConsoleApplication1\client\Debug\link.command.1.tlog
D:\visual studio 2012\Projects\ConsoleApplication1\client\Debug\link.read.1.tlog
D:\visual studio 2012\Projects\ConsoleApplication1\client\Debug\link.write.1.tlog
D:\visual studio 2012\Projects\ConsoleApplication1\client\Debug\vc110.idb
D:\visual studio 2012\Projects\ConsoleApplication1\client\Debug\vc110.pdb
D:\visual studio 2012\Projects\ConsoleApplication1\Debug\client.pdb
D:\visual studio 2012\Projects\ConsoleApplication1\Debug\client.exe
D:\visual studio 2012\Projects\ConsoleApplication1\Debug\client.ilk
